<?xml version="1.0" encoding="UTF-8"?>
<testsuite xmlns:xsi="http://www.w3.org/2001/XMLSchema-instance" xsi:noNamespaceSchemaLocation="https://maven.apache.org/surefire/maven-surefire-plugin/xsd/surefire-test-report.xsd" version="3.0.1" name="com.itview.stepdefinitions.TestRunner" time="49.209" tests="3" errors="0" skipped="0" failures="0">
  <properties>
[...]
</properties>
  <testcase name="Test Case to verify Calculator functionality #1" classname="Calculator Data - Driven Functionality" time="16.422">
    <system-out><![CDATA[
@DataDriven
Scenario Outline: Test Case to verify Calculator functionality # Features/CalculatorDataDriven.feature:14
  Given Open chrome and navigate to calculate page             # com.itview.stepdefinitions.CalculatorDataDrivenTest.open_chrome_and_navigate_to_calculate_page()
  When Enter two numbers "4" and "3" with operator "+"         # com.itview.stepdefinitions.CalculatorDataDrivenTest.enter_two_numbers_and_with_operator(java.lang.String,java.lang.String,java.lang.String)
  Then Validate output "7"                                     # com.itview.stepdefinitions.CalculatorDataDrivenTest.validate_output(java.lang.String)
]]></system-out>
  </testcase>
  <testcase name="Test Case to verify Calculator functionality #2" classname="Calculator Data - Driven Functionality" time="14.279">
    <system-out><![CDATA[
@DataDriven
Scenario Outline: Test Case to verify Calculator functionality # Features/CalculatorDataDriven.feature:15
  Given Open chrome and navigate to calculate page             # com.itview.stepdefinitions.CalculatorDataDrivenTest.open_chrome_and_navigate_to_calculate_page()
  When Enter two numbers "8" and "2" with operator "-"         # com.itview.stepdefinitions.CalculatorDataDrivenTest.enter_two_numbers_and_with_operator(java.lang.String,java.lang.String,java.lang.String)
  Then Validate output "6"                                     # com.itview.stepdefinitions.CalculatorDataDrivenTest.validate_output(java.lang.String)
]]></system-out>
  </testcase>
  <testcase name="Test Case to verify Calculator functionality #3" classname="Calculator Data - Driven Functionality" time="18.181">
    <system-out><![CDATA[
@DataDriven
Scenario Outline: Test Case to verify Calculator functionality # Features/CalculatorDataDriven.feature:16
  Given Open chrome and navigate to calculate page             # com.itview.stepdefinitions.CalculatorDataDrivenTest.open_chrome_and_navigate_to_calculate_page()
  When Enter two numbers "3" and "4" with operator "*"         # com.itview.stepdefinitions.CalculatorDataDrivenTest.enter_two_numbers_and_with_operator(java.lang.String,java.lang.String,java.lang.String)
  Then Validate output "12"                                    # com.itview.stepdefinitions.CalculatorDataDrivenTest.validate_output(java.lang.String)
]]></system-out>
  </testcase>
</testsuite>